<?xml version="1.0" encoding="UTF-8"?>
<!-- Generated by org.testng.reporters.JUnitReportReporter -->
<testsuite hostname="DESKTOP-G2BE6GC" name="POM.Testclass" tests="1" failures="0" timestamp="6 Jul 2020 04:51:59 GMT" time="30.849" errors="0">
  <testcase name="test1" time="30.849" classname="POM.Testclass"/>
</testsuite> <!-- POM.Testclass -->
